
**** Build of configuration Debug for project input_output ****

"C:\\ti\\ccsv6\\utils\\bin\\gmake" -k all 
'Building file: ../main.c'
'Invoking: ARM Compiler'
"C:/ti/ccsv6/tools/compiler/arm_15.12.3.LTS/bin/armcl" -mv7M4 --code_state=16 --float_support=FPv4SPD16 -me --include_path="C:/ti/ccsv6/tools/compiler/arm_15.12.3.LTS/include" --include_path="C:/ti/TivaWare_C_Series-2.1.3.156" -g --gcc --define=ccs="ccs" --define=PART_TM4C123GH6PM --diag_warning=225 --diag_wrap=off --display_error_number --abi=eabi --preproc_with_compile --preproc_dependency="main.d"  "../main.c"
'Finished building: ../main.c'
' '
'Building file: ../tm4c123gh6pm_startup_ccs.c'
'Invoking: ARM Compiler'
"C:/ti/ccsv6/tools/compiler/arm_15.12.3.LTS/bin/armcl" -mv7M4 --code_state=16 --float_support=FPv4SPD16 -me --include_path="C:/ti/ccsv6/tools/compiler/arm_15.12.3.LTS/include" --include_path="C:/ti/TivaWare_C_Series-2.1.3.156" -g --gcc --define=ccs="ccs" --define=PART_TM4C123GH6PM --diag_warning=225 --diag_wrap=off --display_error_number --abi=eabi --preproc_with_compile --preproc_dependency="tm4c123gh6pm_startup_ccs.d"  "../tm4c123gh6pm_startup_ccs.c"
'Finished building: ../tm4c123gh6pm_startup_ccs.c'
' '
'Building file: ../Blinky/main.c'
'Invoking: ARM Compiler'
"C:/ti/ccsv6/tools/compiler/arm_15.12.3.LTS/bin/armcl" -mv7M4 --code_state=16 --float_support=FPv4SPD16 -me --include_path="C:/ti/ccsv6/tools/compiler/arm_15.12.3.LTS/include" --include_path="C:/ti/TivaWare_C_Series-2.1.3.156" -g --gcc --define=ccs="ccs" --define=PART_TM4C123GH6PM --diag_warning=225 --diag_wrap=off --display_error_number --abi=eabi --preproc_with_compile --preproc_dependency="Blinky/main.d" --obj_directory="Blinky"  "../Blinky/main.c"
'Finished building: ../Blinky/main.c'
' '
'Building file: ../Blinky/tm4c123gh6pm_startup_ccs.c'
'Invoking: ARM Compiler'
"C:/ti/ccsv6/tools/compiler/arm_15.12.3.LTS/bin/armcl" -mv7M4 --code_state=16 --float_support=FPv4SPD16 -me --include_path="C:/ti/ccsv6/tools/compiler/arm_15.12.3.LTS/include" --include_path="C:/ti/TivaWare_C_Series-2.1.3.156" -g --gcc --define=ccs="ccs" --define=PART_TM4C123GH6PM --diag_warning=225 --diag_wrap=off --display_error_number --abi=eabi --preproc_with_compile --preproc_dependency="Blinky/tm4c123gh6pm_startup_ccs.d" --obj_directory="Blinky"  "../Blinky/tm4c123gh6pm_startup_ccs.c"
'Finished building: ../Blinky/tm4c123gh6pm_startup_ccs.c'
' '
'Building target: input_output.out'
'Invoking: ARM Linker'
"C:/ti/ccsv6/tools/compiler/arm_15.12.3.LTS/bin/armcl" -mv7M4 --code_state=16 --float_support=FPv4SPD16 -me -g --gcc --define=ccs="ccs" --define=PART_TM4C123GH6PM --diag_warning=225 --diag_wrap=off --display_error_number --abi=eabi -z -m"input_output.map" --stack_size=512 --heap_size=0 -i"C:/ti/ccsv6/tools/compiler/arm_15.12.3.LTS/lib" -i"C:/ti/ccsv6/tools/compiler/arm_15.12.3.LTS/include" --reread_libs --warn_sections --diag_wrap=off --display_error_number --xml_link_info="input_output_linkInfo.xml" --rom_model -o "input_output.out" "./main.obj" "./tm4c123gh6pm_startup_ccs.obj" "../Blinky/Debug/main.obj" "../Blinky/Debug/tm4c123gh6pm_startup_ccs.obj" "./Blinky/main.obj" "./Blinky/tm4c123gh6pm_startup_ccs.obj" "../Blinky/tm4c123gh6pm.cmd"  -llibc.a -l"C:/ti/TivaWare_C_Series-2.1.3.156/driverlib/ccs/Debug/driverlib.lib" 
<Linking>
error #10056: symbol "main" redefined: first defined in "./main.obj"; redefined in "../Blinky/Debug/main.obj"
error #10056: symbol "ResetISR" redefined: first defined in "./tm4c123gh6pm_startup_ccs.obj"; redefined in "../Blinky/Debug/tm4c123gh6pm_startup_ccs.obj"
error #10056: symbol "g_pfnVectors" redefined: first defined in "./tm4c123gh6pm_startup_ccs.obj"; redefined in "../Blinky/Debug/tm4c123gh6pm_startup_ccs.obj"
error #10056: symbol "main" redefined: first defined in "./main.obj"; redefined in "./Blinky/main.obj"
error #10056: symbol "ResetISR" redefined: first defined in "./tm4c123gh6pm_startup_ccs.obj"; redefined in "./Blinky/tm4c123gh6pm_startup_ccs.obj"

error #10056: symbol "g_pfnVectors" redefined: first defined in "./tm4c123gh6pm_startup_ccs.obj"; redefined in "./Blinky/tm4c123gh6pm_startup_ccs.obj"
>> Compilation failure
makefile:150: recipe for target 'input_output.out' failed
error #10010: errors encountered during linking; "input_output.out" not built
gmake: *** [input_output.out] Error 1
gmake: Target 'all' not remade because of errors.

**** Build Finished ****
